2022-03-08 14:56:51,799 __main__ INFO start training...
2022-03-08 14:56:51,800 __main__ INFO ['Name:', 'super_vit', 'Super_Module_Dimension:', 18, 'Attention Layer:', 6, 'Attention Head:', 8, 'Super-Segments:', 500]
2022-03-08 14:56:53,802 __main__ INFO load dataset...
2022-03-08 14:56:57,330 __main__ INFO training sample size is 2704
2022-03-08 14:56:57,330 __main__ INFO Using Cosine Decay...
2022-03-08 14:57:00,16 PIL.PngImagePlugin DEBUG STREAM b'IHDR' 16 13
2022-03-08 14:57:00,17 PIL.PngImagePlugin DEBUG STREAM b'IDAT' 41 8192
2022-03-08 14:57:00,25 PIL.PngImagePlugin DEBUG STREAM b'IHDR' 16 13
2022-03-08 14:57:00,26 PIL.PngImagePlugin DEBUG STREAM b'IDAT' 41 8192
2022-03-08 14:57:00,35 PIL.PngImagePlugin DEBUG STREAM b'IHDR' 16 13
2022-03-08 14:57:00,36 PIL.PngImagePlugin DEBUG STREAM b'IDAT' 41 8192
2022-03-08 14:57:00,42 PIL.PngImagePlugin DEBUG STREAM b'IHDR' 16 13
2022-03-08 14:57:00,42 PIL.PngImagePlugin DEBUG STREAM b'IDAT' 41 8192
2022-03-08 14:57:00,248 PIL.PngImagePlugin DEBUG STREAM b'IHDR' 16 13
2022-03-08 14:57:00,248 PIL.PngImagePlugin DEBUG STREAM b'IDAT' 41 8192
2022-03-08 14:57:00,262 PIL.PngImagePlugin DEBUG STREAM b'IHDR' 16 13
2022-03-08 14:57:00,262 PIL.PngImagePlugin DEBUG STREAM b'IDAT' 41 8192
2022-03-08 14:57:00,270 PIL.PngImagePlugin DEBUG STREAM b'IHDR' 16 13
2022-03-08 14:57:00,270 PIL.PngImagePlugin DEBUG STREAM b'IDAT' 41 8192
2022-03-08 14:57:00,278 PIL.PngImagePlugin DEBUG STREAM b'IHDR' 16 13
2022-03-08 14:57:00,278 PIL.PngImagePlugin DEBUG STREAM b'IDAT' 41 8192
2022-03-08 14:57:00,422 PIL.PngImagePlugin DEBUG STREAM b'IHDR' 16 13
2022-03-08 14:57:00,423 PIL.PngImagePlugin DEBUG STREAM b'IDAT' 41 8192
2022-03-08 14:57:00,462 PIL.PngImagePlugin DEBUG STREAM b'IHDR' 16 13
2022-03-08 14:57:00,462 PIL.PngImagePlugin DEBUG STREAM b'IDAT' 41 8192
2022-03-08 14:57:00,472 PIL.PngImagePlugin DEBUG STREAM b'IHDR' 16 13
2022-03-08 14:57:00,472 PIL.PngImagePlugin DEBUG STREAM b'IDAT' 41 8192
2022-03-08 14:57:00,484 PIL.PngImagePlugin DEBUG STREAM b'IHDR' 16 13
2022-03-08 14:57:00,484 PIL.PngImagePlugin DEBUG STREAM b'IDAT' 41 8192
2022-03-08 14:57:00,557 PIL.PngImagePlugin DEBUG STREAM b'IHDR' 16 13
2022-03-08 14:57:00,557 PIL.PngImagePlugin DEBUG STREAM b'IDAT' 41 8192
2022-03-08 14:57:00,614 PIL.PngImagePlugin DEBUG STREAM b'IHDR' 16 13
2022-03-08 14:57:00,615 PIL.PngImagePlugin DEBUG STREAM b'IDAT' 41 8192
2022-03-08 14:57:00,635 PIL.PngImagePlugin DEBUG STREAM b'IHDR' 16 13
2022-03-08 14:57:00,635 PIL.PngImagePlugin DEBUG STREAM b'IDAT' 41 8192
2022-03-08 14:57:00,653 PIL.PngImagePlugin DEBUG STREAM b'IHDR' 16 13
2022-03-08 14:57:00,653 PIL.PngImagePlugin DEBUG STREAM b'IDAT' 41 8192
2022-03-08 14:57:00,675 PIL.PngImagePlugin DEBUG STREAM b'IHDR' 16 13
2022-03-08 14:57:00,675 PIL.PngImagePlugin DEBUG STREAM b'IDAT' 41 8192
2022-03-08 14:57:00,766 PIL.PngImagePlugin DEBUG STREAM b'IHDR' 16 13
2022-03-08 14:57:00,766 PIL.PngImagePlugin DEBUG STREAM b'IDAT' 41 8192
2022-03-08 14:57:00,777 PIL.PngImagePlugin DEBUG STREAM b'IHDR' 16 13
2022-03-08 14:57:00,777 PIL.PngImagePlugin DEBUG STREAM b'IDAT' 41 8192
2022-03-08 14:57:00,800 PIL.PngImagePlugin DEBUG STREAM b'IHDR' 16 13
2022-03-08 14:57:00,800 PIL.PngImagePlugin DEBUG STREAM b'IDAT' 41 8192
2022-03-08 14:57:00,819 PIL.PngImagePlugin DEBUG STREAM b'IHDR' 16 13
2022-03-08 14:57:00,820 PIL.PngImagePlugin DEBUG STREAM b'IDAT' 41 8192
2022-03-08 14:57:00,895 PIL.PngImagePlugin DEBUG STREAM b'IHDR' 16 13
2022-03-08 14:57:00,895 PIL.PngImagePlugin DEBUG STREAM b'IDAT' 41 8192
2022-03-08 14:57:00,936 PIL.PngImagePlugin DEBUG STREAM b'IHDR' 16 13
2022-03-08 14:57:00,936 PIL.PngImagePlugin DEBUG STREAM b'IDAT' 41 8192
2022-03-08 14:57:00,944 PIL.PngImagePlugin DEBUG STREAM b'IHDR' 16 13
2022-03-08 14:57:00,944 PIL.PngImagePlugin DEBUG STREAM b'IDAT' 41 8192
2022-03-08 14:57:00,972 PIL.PngImagePlugin DEBUG STREAM b'IHDR' 16 13
2022-03-08 14:57:00,972 PIL.PngImagePlugin DEBUG STREAM b'IDAT' 41 8192
2022-03-08 14:57:01,10 PIL.PngImagePlugin DEBUG STREAM b'IHDR' 16 13
2022-03-08 14:57:01,11 PIL.PngImagePlugin DEBUG STREAM b'IDAT' 41 8192
2022-03-08 14:57:01,93 PIL.PngImagePlugin DEBUG STREAM b'IHDR' 16 13
2022-03-08 14:57:01,93 PIL.PngImagePlugin DEBUG STREAM b'IDAT' 41 8192
2022-03-08 14:57:01,120 PIL.PngImagePlugin DEBUG STREAM b'IHDR' 16 13
2022-03-08 14:57:01,120 PIL.PngImagePlugin DEBUG STREAM b'IDAT' 41 8192
2022-03-08 14:57:01,128 PIL.PngImagePlugin DEBUG STREAM b'IHDR' 16 13
2022-03-08 14:57:01,128 PIL.PngImagePlugin DEBUG STREAM b'IDAT' 41 8192
2022-03-08 14:57:01,193 PIL.PngImagePlugin DEBUG STREAM b'IHDR' 16 13
2022-03-08 14:57:01,193 PIL.PngImagePlugin DEBUG STREAM b'IDAT' 41 8192
2022-03-08 14:57:01,219 PIL.PngImagePlugin DEBUG STREAM b'IHDR' 16 13
2022-03-08 14:57:01,219 PIL.PngImagePlugin DEBUG STREAM b'IDAT' 41 8192
2022-03-08 14:57:01,299 PIL.PngImagePlugin DEBUG STREAM b'IHDR' 16 13
2022-03-08 14:57:01,300 PIL.PngImagePlugin DEBUG STREAM b'IDAT' 41 8192
2022-03-08 14:57:01,324 PIL.PngImagePlugin DEBUG STREAM b'IHDR' 16 13
2022-03-08 14:57:01,325 PIL.PngImagePlugin DEBUG STREAM b'IDAT' 41 8192
2022-03-08 14:57:01,360 PIL.PngImagePlugin DEBUG STREAM b'IHDR' 16 13
2022-03-08 14:57:01,360 PIL.PngImagePlugin DEBUG STREAM b'IDAT' 41 8192
2022-03-08 14:57:01,367 PIL.PngImagePlugin DEBUG STREAM b'IHDR' 16 13
2022-03-08 14:57:01,367 PIL.PngImagePlugin DEBUG STREAM b'IDAT' 41 8192
2022-03-08 14:57:01,397 PIL.PngImagePlugin DEBUG STREAM b'IHDR' 16 13
2022-03-08 14:57:01,397 PIL.PngImagePlugin DEBUG STREAM b'IDAT' 41 8192
2022-03-08 14:57:01,504 PIL.PngImagePlugin DEBUG STREAM b'IHDR' 16 13
2022-03-08 14:57:01,504 PIL.PngImagePlugin DEBUG STREAM b'IDAT' 41 8192
2022-03-08 14:57:01,514 PIL.PngImagePlugin DEBUG STREAM b'IHDR' 16 13
2022-03-08 14:57:01,514 PIL.PngImagePlugin DEBUG STREAM b'IDAT' 41 8192
2022-03-08 14:57:01,558 PIL.PngImagePlugin DEBUG STREAM b'IHDR' 16 13
2022-03-08 14:57:01,558 PIL.PngImagePlugin DEBUG STREAM b'IDAT' 41 8192
2022-03-08 14:57:01,561 PIL.PngImagePlugin DEBUG STREAM b'IHDR' 16 13
2022-03-08 14:57:01,561 PIL.PngImagePlugin DEBUG STREAM b'IDAT' 41 8192
2022-03-08 14:57:01,646 PIL.PngImagePlugin DEBUG STREAM b'IHDR' 16 13
2022-03-08 14:57:01,646 PIL.PngImagePlugin DEBUG STREAM b'IDAT' 41 8192
2022-03-08 14:57:01,691 PIL.PngImagePlugin DEBUG STREAM b'IHDR' 16 13
2022-03-08 14:57:01,691 PIL.PngImagePlugin DEBUG STREAM b'IDAT' 41 8192
2022-03-08 14:57:01,726 PIL.PngImagePlugin DEBUG STREAM b'IHDR' 16 13
2022-03-08 14:57:01,726 PIL.PngImagePlugin DEBUG STREAM b'IDAT' 41 8192
2022-03-08 14:57:01,744 PIL.PngImagePlugin DEBUG STREAM b'IHDR' 16 13
2022-03-08 14:57:01,744 PIL.PngImagePlugin DEBUG STREAM b'IDAT' 41 8192
2022-03-08 14:57:01,772 PIL.PngImagePlugin DEBUG STREAM b'IHDR' 16 13
2022-03-08 14:57:01,773 PIL.PngImagePlugin DEBUG STREAM b'IDAT' 41 8192
2022-03-08 14:57:01,811 PIL.PngImagePlugin DEBUG STREAM b'IHDR' 16 13
2022-03-08 14:57:01,811 PIL.PngImagePlugin DEBUG STREAM b'IDAT' 41 8192
2022-03-08 14:57:01,861 PIL.PngImagePlugin DEBUG STREAM b'IHDR' 16 13
2022-03-08 14:57:01,861 PIL.PngImagePlugin DEBUG STREAM b'IDAT' 41 8192
2022-03-08 14:57:01,895 PIL.PngImagePlugin DEBUG STREAM b'IHDR' 16 13
2022-03-08 14:57:01,895 PIL.PngImagePlugin DEBUG STREAM b'IDAT' 41 8192
2022-03-08 14:57:01,910 PIL.PngImagePlugin DEBUG STREAM b'IHDR' 16 13
2022-03-08 14:57:01,910 PIL.PngImagePlugin DEBUG STREAM b'IDAT' 41 8192
2022-03-08 14:57:01,936 PIL.PngImagePlugin DEBUG STREAM b'IHDR' 16 13
2022-03-08 14:57:01,936 PIL.PngImagePlugin DEBUG STREAM b'IDAT' 41 8192
2022-03-08 14:57:01,981 PIL.PngImagePlugin DEBUG STREAM b'IHDR' 16 13
2022-03-08 14:57:01,981 PIL.PngImagePlugin DEBUG STREAM b'IDAT' 41 8192
2022-03-08 14:57:02,47 PIL.PngImagePlugin DEBUG STREAM b'IHDR' 16 13
2022-03-08 14:57:02,47 PIL.PngImagePlugin DEBUG STREAM b'IDAT' 41 8192
2022-03-08 14:57:02,75 PIL.PngImagePlugin DEBUG STREAM b'IHDR' 16 13
2022-03-08 14:57:02,75 PIL.PngImagePlugin DEBUG STREAM b'IDAT' 41 8192
2022-03-08 14:57:02,85 PIL.PngImagePlugin DEBUG STREAM b'IHDR' 16 13
2022-03-08 14:57:02,85 PIL.PngImagePlugin DEBUG STREAM b'IDAT' 41 8192
2022-03-08 14:57:02,108 PIL.PngImagePlugin DEBUG STREAM b'IHDR' 16 13
2022-03-08 14:57:02,108 PIL.PngImagePlugin DEBUG STREAM b'IDAT' 41 8192
2022-03-08 14:57:02,223 PIL.PngImagePlugin DEBUG STREAM b'IHDR' 16 13
2022-03-08 14:57:02,223 PIL.PngImagePlugin DEBUG STREAM b'IDAT' 41 8192
2022-03-08 14:57:02,253 PIL.PngImagePlugin DEBUG STREAM b'IHDR' 16 13
2022-03-08 14:57:02,253 PIL.PngImagePlugin DEBUG STREAM b'IDAT' 41 8192
2022-03-08 14:57:02,258 PIL.PngImagePlugin DEBUG STREAM b'IHDR' 16 13
2022-03-08 14:57:02,258 PIL.PngImagePlugin DEBUG STREAM b'IDAT' 41 8192
2022-03-08 14:57:02,293 PIL.PngImagePlugin DEBUG STREAM b'IHDR' 16 13
2022-03-08 14:57:02,293 PIL.PngImagePlugin DEBUG STREAM b'IDAT' 41 8192
2022-03-08 14:57:02,422 PIL.PngImagePlugin DEBUG STREAM b'IHDR' 16 13
2022-03-08 14:57:02,422 PIL.PngImagePlugin DEBUG STREAM b'IDAT' 41 8192
2022-03-08 14:57:02,425 PIL.PngImagePlugin DEBUG STREAM b'IHDR' 16 13
2022-03-08 14:57:02,425 PIL.PngImagePlugin DEBUG STREAM b'IDAT' 41 8192
2022-03-08 14:57:02,450 PIL.PngImagePlugin DEBUG STREAM b'IHDR' 16 13
2022-03-08 14:57:02,450 PIL.PngImagePlugin DEBUG STREAM b'IDAT' 41 8192
2022-03-08 14:57:02,474 PIL.PngImagePlugin DEBUG STREAM b'IHDR' 16 13
2022-03-08 14:57:02,474 PIL.PngImagePlugin DEBUG STREAM b'IDAT' 41 8192
2022-03-08 14:57:02,617 PIL.PngImagePlugin DEBUG STREAM b'IHDR' 16 13
2022-03-08 14:57:02,617 PIL.PngImagePlugin DEBUG STREAM b'IDAT' 41 8192
2022-03-08 14:57:02,711 PIL.PngImagePlugin DEBUG STREAM b'IHDR' 16 13
2022-03-08 14:57:02,711 PIL.PngImagePlugin DEBUG STREAM b'IDAT' 41 8192
2022-03-08 14:57:02,720 PIL.PngImagePlugin DEBUG STREAM b'IHDR' 16 13
2022-03-08 14:57:02,720 PIL.PngImagePlugin DEBUG STREAM b'IDAT' 41 8192
2022-03-08 14:57:02,728 PIL.PngImagePlugin DEBUG STREAM b'IHDR' 16 13
2022-03-08 14:57:02,728 PIL.PngImagePlugin DEBUG STREAM b'IDAT' 41 8192
2022-03-08 14:57:02,833 PIL.PngImagePlugin DEBUG STREAM b'IHDR' 16 13
2022-03-08 14:57:02,833 PIL.PngImagePlugin DEBUG STREAM b'IDAT' 41 8192
2022-03-08 14:57:02,891 PIL.PngImagePlugin DEBUG STREAM b'IHDR' 16 13
2022-03-08 14:57:02,891 PIL.PngImagePlugin DEBUG STREAM b'IDAT' 41 8192
2022-03-08 14:57:02,901 PIL.PngImagePlugin DEBUG STREAM b'IHDR' 16 13
2022-03-08 14:57:02,901 PIL.PngImagePlugin DEBUG STREAM b'IDAT' 41 8192
2022-03-08 14:57:02,922 PIL.PngImagePlugin DEBUG STREAM b'IHDR' 16 13
2022-03-08 14:57:02,922 PIL.PngImagePlugin DEBUG STREAM b'IDAT' 41 8192
2022-03-08 14:57:02,961 PIL.PngImagePlugin DEBUG STREAM b'IHDR' 16 13
2022-03-08 14:57:02,961 PIL.PngImagePlugin DEBUG STREAM b'IDAT' 41 8192
2022-03-08 14:57:03,73 PIL.PngImagePlugin DEBUG STREAM b'IHDR' 16 13
2022-03-08 14:57:03,73 PIL.PngImagePlugin DEBUG STREAM b'IDAT' 41 8192
2022-03-08 14:57:03,83 PIL.PngImagePlugin DEBUG STREAM b'IHDR' 16 13
2022-03-08 14:57:03,83 PIL.PngImagePlugin DEBUG STREAM b'IDAT' 41 8192
2022-03-08 14:57:03,95 PIL.PngImagePlugin DEBUG STREAM b'IHDR' 16 13
2022-03-08 14:57:03,95 PIL.PngImagePlugin DEBUG STREAM b'IDAT' 41 8192
2022-03-08 14:57:03,133 PIL.PngImagePlugin DEBUG STREAM b'IHDR' 16 13
2022-03-08 14:57:03,133 PIL.PngImagePlugin DEBUG STREAM b'IDAT' 41 8192
2022-03-08 14:57:03,230 __main__ INFO ['loss: ', '490.9751892089844']
2022-03-08 14:57:03,258 PIL.PngImagePlugin DEBUG STREAM b'IHDR' 16 13
2022-03-08 14:57:03,259 PIL.PngImagePlugin DEBUG STREAM b'IDAT' 41 8192
2022-03-08 14:57:03,284 PIL.PngImagePlugin DEBUG STREAM b'IHDR' 16 13
2022-03-08 14:57:03,284 PIL.PngImagePlugin DEBUG STREAM b'IDAT' 41 8192
2022-03-08 14:57:03,313 PIL.PngImagePlugin DEBUG STREAM b'IHDR' 16 13
2022-03-08 14:57:03,313 PIL.PngImagePlugin DEBUG STREAM b'IDAT' 41 8192
2022-03-08 14:57:03,328 PIL.PngImagePlugin DEBUG STREAM b'IHDR' 16 13
2022-03-08 14:57:03,328 PIL.PngImagePlugin DEBUG STREAM b'IDAT' 41 8192
2022-03-08 14:57:03,396 PIL.PngImagePlugin DEBUG STREAM b'IHDR' 16 13
2022-03-08 14:57:03,396 PIL.PngImagePlugin DEBUG STREAM b'IDAT' 41 8192
2022-03-08 14:57:03,488 PIL.PngImagePlugin DEBUG STREAM b'IHDR' 16 13
2022-03-08 14:57:03,488 PIL.PngImagePlugin DEBUG STREAM b'IDAT' 41 8192
2022-03-08 14:57:03,500 PIL.PngImagePlugin DEBUG STREAM b'IHDR' 16 13
2022-03-08 14:57:03,500 PIL.PngImagePlugin DEBUG STREAM b'IDAT' 41 8192
2022-03-08 14:57:03,521 PIL.PngImagePlugin DEBUG STREAM b'IHDR' 16 13
2022-03-08 14:57:03,522 PIL.PngImagePlugin DEBUG STREAM b'IDAT' 41 8192
2022-03-08 14:57:03,529 PIL.PngImagePlugin DEBUG STREAM b'IHDR' 16 13
2022-03-08 14:57:03,529 PIL.PngImagePlugin DEBUG STREAM b'IDAT' 41 8192
2022-03-08 14:57:03,694 PIL.PngImagePlugin DEBUG STREAM b'IHDR' 16 13
2022-03-08 14:57:03,694 PIL.PngImagePlugin DEBUG STREAM b'IDAT' 41 8192
2022-03-08 14:57:03,708 PIL.PngImagePlugin DEBUG STREAM b'IHDR' 16 13
2022-03-08 14:57:03,708 PIL.PngImagePlugin DEBUG STREAM b'IDAT' 41 8192
2022-03-08 14:57:03,713 PIL.PngImagePlugin DEBUG STREAM b'IHDR' 16 13
2022-03-08 14:57:03,713 PIL.PngImagePlugin DEBUG STREAM b'IDAT' 41 8192
2022-03-08 14:57:03,761 PIL.PngImagePlugin DEBUG STREAM b'IHDR' 16 13
2022-03-08 14:57:03,762 PIL.PngImagePlugin DEBUG STREAM b'IDAT' 41 8192
2022-03-08 14:57:03,890 PIL.PngImagePlugin DEBUG STREAM b'IHDR' 16 13
2022-03-08 14:57:03,890 PIL.PngImagePlugin DEBUG STREAM b'IDAT' 41 8192
2022-03-08 14:57:03,924 PIL.PngImagePlugin DEBUG STREAM b'IHDR' 16 13
2022-03-08 14:57:03,925 PIL.PngImagePlugin DEBUG STREAM b'IDAT' 41 8192
2022-03-08 14:57:03,976 PIL.PngImagePlugin DEBUG STREAM b'IHDR' 16 13
2022-03-08 14:57:03,976 PIL.PngImagePlugin DEBUG STREAM b'IDAT' 41 8192
2022-03-08 14:57:04,18 PIL.PngImagePlugin DEBUG STREAM b'IHDR' 16 13
2022-03-08 14:57:04,18 PIL.PngImagePlugin DEBUG STREAM b'IDAT' 41 8192
2022-03-08 14:57:04,35 PIL.PngImagePlugin DEBUG STREAM b'IHDR' 16 13
2022-03-08 14:57:04,35 PIL.PngImagePlugin DEBUG STREAM b'IDAT' 41 8192
2022-03-08 14:57:04,87 PIL.PngImagePlugin DEBUG STREAM b'IHDR' 16 13
2022-03-08 14:57:04,87 PIL.PngImagePlugin DEBUG STREAM b'IDAT' 41 8192
2022-03-08 14:57:04,113 PIL.PngImagePlugin DEBUG STREAM b'IHDR' 16 13
2022-03-08 14:57:04,114 PIL.PngImagePlugin DEBUG STREAM b'IDAT' 41 8192
2022-03-08 14:57:04,161 PIL.PngImagePlugin DEBUG STREAM b'IHDR' 16 13
2022-03-08 14:57:04,161 PIL.PngImagePlugin DEBUG STREAM b'IDAT' 41 8192
2022-03-08 14:57:04,179 PIL.PngImagePlugin DEBUG STREAM b'IHDR' 16 13
2022-03-08 14:57:04,179 PIL.PngImagePlugin DEBUG STREAM b'IDAT' 41 8192
2022-03-08 14:57:04,209 PIL.PngImagePlugin DEBUG STREAM b'IHDR' 16 13
2022-03-08 14:57:04,209 PIL.PngImagePlugin DEBUG STREAM b'IDAT' 41 8192
2022-03-08 14:57:04,233 PIL.PngImagePlugin DEBUG STREAM b'IHDR' 16 13
2022-03-08 14:57:04,233 PIL.PngImagePlugin DEBUG STREAM b'IDAT' 41 8192
2022-03-08 14:57:04,302 PIL.PngImagePlugin DEBUG STREAM b'IHDR' 16 13
2022-03-08 14:57:04,302 PIL.PngImagePlugin DEBUG STREAM b'IDAT' 41 8192
2022-03-08 14:57:04,331 PIL.PngImagePlugin DEBUG STREAM b'IHDR' 16 13
2022-03-08 14:57:04,331 PIL.PngImagePlugin DEBUG STREAM b'IDAT' 41 8192
2022-03-08 14:57:04,343 PIL.PngImagePlugin DEBUG STREAM b'IHDR' 16 13
2022-03-08 14:57:04,343 PIL.PngImagePlugin DEBUG STREAM b'IDAT' 41 8192
2022-03-08 14:57:04,358 PIL.PngImagePlugin DEBUG STREAM b'IHDR' 16 13
2022-03-08 14:57:04,358 PIL.PngImagePlugin DEBUG STREAM b'IDAT' 41 8192
2022-03-08 14:57:04,472 PIL.PngImagePlugin DEBUG STREAM b'IHDR' 16 13
2022-03-08 14:57:04,472 PIL.PngImagePlugin DEBUG STREAM b'IDAT' 41 8192
2022-03-08 14:57:04,481 PIL.PngImagePlugin DEBUG STREAM b'IHDR' 16 13
2022-03-08 14:57:04,481 PIL.PngImagePlugin DEBUG STREAM b'IDAT' 41 8192
2022-03-08 14:57:04,515 PIL.PngImagePlugin DEBUG STREAM b'IHDR' 16 13
2022-03-08 14:57:04,515 PIL.PngImagePlugin DEBUG STREAM b'IDAT' 41 8192
2022-03-08 14:57:04,525 PIL.PngImagePlugin DEBUG STREAM b'IHDR' 16 13
2022-03-08 14:57:04,525 PIL.PngImagePlugin DEBUG STREAM b'IDAT' 41 8192
2022-03-08 14:57:04,683 PIL.PngImagePlugin DEBUG STREAM b'IHDR' 16 13
2022-03-08 14:57:04,683 PIL.PngImagePlugin DEBUG STREAM b'IDAT' 41 8192
2022-03-08 14:57:04,693 PIL.PngImagePlugin DEBUG STREAM b'IHDR' 16 13
2022-03-08 14:57:04,694 PIL.PngImagePlugin DEBUG STREAM b'IDAT' 41 8192
2022-03-08 14:57:04,717 PIL.PngImagePlugin DEBUG STREAM b'IHDR' 16 13
2022-03-08 14:57:04,717 PIL.PngImagePlugin DEBUG STREAM b'IDAT' 41 8192
2022-03-08 14:57:04,729 PIL.PngImagePlugin DEBUG STREAM b'IHDR' 16 13
2022-03-08 14:57:04,729 PIL.PngImagePlugin DEBUG STREAM b'IDAT' 41 8192
2022-03-08 14:57:04,873 PIL.PngImagePlugin DEBUG STREAM b'IHDR' 16 13
2022-03-08 14:57:04,873 PIL.PngImagePlugin DEBUG STREAM b'IDAT' 41 8192
2022-03-08 14:57:04,887 PIL.PngImagePlugin DEBUG STREAM b'IHDR' 16 13
2022-03-08 14:57:04,887 PIL.PngImagePlugin DEBUG STREAM b'IDAT' 41 8192
2022-03-08 14:57:04,895 PIL.PngImagePlugin DEBUG STREAM b'IHDR' 16 13
2022-03-08 14:57:04,895 PIL.PngImagePlugin DEBUG STREAM b'IDAT' 41 8192
2022-03-08 14:57:04,927 PIL.PngImagePlugin DEBUG STREAM b'IHDR' 16 13
2022-03-08 14:57:04,927 PIL.PngImagePlugin DEBUG STREAM b'IDAT' 41 8192
2022-03-08 14:57:05,92 PIL.PngImagePlugin DEBUG STREAM b'IHDR' 16 13
2022-03-08 14:57:05,92 PIL.PngImagePlugin DEBUG STREAM b'IDAT' 41 8192
2022-03-08 14:57:05,108 PIL.PngImagePlugin DEBUG STREAM b'IHDR' 16 13
2022-03-08 14:57:05,108 PIL.PngImagePlugin DEBUG STREAM b'IDAT' 41 8192
2022-03-08 14:57:05,115 PIL.PngImagePlugin DEBUG STREAM b'IHDR' 16 13
2022-03-08 14:57:05,115 PIL.PngImagePlugin DEBUG STREAM b'IDAT' 41 8192
2022-03-08 14:57:05,139 PIL.PngImagePlugin DEBUG STREAM b'IHDR' 16 13
2022-03-08 14:57:05,139 PIL.PngImagePlugin DEBUG STREAM b'IDAT' 41 8192
2022-03-08 14:57:05,249 PIL.PngImagePlugin DEBUG STREAM b'IHDR' 16 13
2022-03-08 14:57:05,249 PIL.PngImagePlugin DEBUG STREAM b'IDAT' 41 8192
2022-03-08 14:57:05,272 PIL.PngImagePlugin DEBUG STREAM b'IHDR' 16 13
2022-03-08 14:57:05,272 PIL.PngImagePlugin DEBUG STREAM b'IDAT' 41 8192
2022-03-08 14:57:05,286 PIL.PngImagePlugin DEBUG STREAM b'IHDR' 16 13
2022-03-08 14:57:05,286 PIL.PngImagePlugin DEBUG STREAM b'IDAT' 41 8192
2022-03-08 14:57:05,309 PIL.PngImagePlugin DEBUG STREAM b'IHDR' 16 13
2022-03-08 14:57:05,309 PIL.PngImagePlugin DEBUG STREAM b'IDAT' 41 8192
2022-03-08 14:57:05,445 PIL.PngImagePlugin DEBUG STREAM b'IHDR' 16 13
2022-03-08 14:57:05,445 PIL.PngImagePlugin DEBUG STREAM b'IDAT' 41 8192
2022-03-08 14:57:05,462 PIL.PngImagePlugin DEBUG STREAM b'IHDR' 16 13
2022-03-08 14:57:05,462 PIL.PngImagePlugin DEBUG STREAM b'IDAT' 41 8192
2022-03-08 14:57:05,466 PIL.PngImagePlugin DEBUG STREAM b'IHDR' 16 13
2022-03-08 14:57:05,466 PIL.PngImagePlugin DEBUG STREAM b'IDAT' 41 8192
2022-03-08 14:57:05,536 PIL.PngImagePlugin DEBUG STREAM b'IHDR' 16 13
2022-03-08 14:57:05,537 PIL.PngImagePlugin DEBUG STREAM b'IDAT' 41 8192
2022-03-08 14:57:05,683 PIL.PngImagePlugin DEBUG STREAM b'IHDR' 16 13
2022-03-08 14:57:05,683 PIL.PngImagePlugin DEBUG STREAM b'IDAT' 41 8192
2022-03-08 14:57:05,734 PIL.PngImagePlugin DEBUG STREAM b'IHDR' 16 13
2022-03-08 14:57:05,734 PIL.PngImagePlugin DEBUG STREAM b'IDAT' 41 8192
2022-03-08 14:57:05,744 PIL.PngImagePlugin DEBUG STREAM b'IHDR' 16 13
2022-03-08 14:57:05,744 PIL.PngImagePlugin DEBUG STREAM b'IDAT' 41 8192
2022-03-08 14:57:05,794 PIL.PngImagePlugin DEBUG STREAM b'IHDR' 16 13
2022-03-08 14:57:05,795 PIL.PngImagePlugin DEBUG STREAM b'IDAT' 41 8192
2022-03-08 14:57:05,925 PIL.PngImagePlugin DEBUG STREAM b'IHDR' 16 13
2022-03-08 14:57:05,925 PIL.PngImagePlugin DEBUG STREAM b'IDAT' 41 8192
2022-03-08 14:57:05,977 PIL.PngImagePlugin DEBUG STREAM b'IHDR' 16 13
2022-03-08 14:57:05,978 PIL.PngImagePlugin DEBUG STREAM b'IDAT' 41 8192
2022-03-08 14:57:05,989 PIL.PngImagePlugin DEBUG STREAM b'IHDR' 16 13
2022-03-08 14:57:05,989 PIL.PngImagePlugin DEBUG STREAM b'IDAT' 41 8192
2022-03-08 14:57:06,12 PIL.PngImagePlugin DEBUG STREAM b'IHDR' 16 13
2022-03-08 14:57:06,12 PIL.PngImagePlugin DEBUG STREAM b'IDAT' 41 8192
2022-03-08 14:57:06,131 PIL.PngImagePlugin DEBUG STREAM b'IHDR' 16 13
2022-03-08 14:57:06,132 PIL.PngImagePlugin DEBUG STREAM b'IDAT' 41 8192
2022-03-08 14:57:06,144 PIL.PngImagePlugin DEBUG STREAM b'IHDR' 16 13
2022-03-08 14:57:06,144 PIL.PngImagePlugin DEBUG STREAM b'IDAT' 41 8192
2022-03-08 14:57:06,170 __main__ INFO ['loss: ', '365.0908508300781']
2022-03-08 14:57:06,175 PIL.PngImagePlugin DEBUG STREAM b'IHDR' 16 13
2022-03-08 14:57:06,175 PIL.PngImagePlugin DEBUG STREAM b'IDAT' 41 8192
2022-03-08 14:57:06,216 PIL.PngImagePlugin DEBUG STREAM b'IHDR' 16 13
2022-03-08 14:57:06,216 PIL.PngImagePlugin DEBUG STREAM b'IDAT' 41 8192
2022-03-08 14:57:06,320 PIL.PngImagePlugin DEBUG STREAM b'IHDR' 16 13
2022-03-08 14:57:06,320 PIL.PngImagePlugin DEBUG STREAM b'IDAT' 41 8192
2022-03-08 14:57:06,331 PIL.PngImagePlugin DEBUG STREAM b'IHDR' 16 13
2022-03-08 14:57:06,331 PIL.PngImagePlugin DEBUG STREAM b'IDAT' 41 8192
2022-03-08 14:57:06,400 PIL.PngImagePlugin DEBUG STREAM b'IHDR' 16 13
2022-03-08 14:57:06,400 PIL.PngImagePlugin DEBUG STREAM b'IDAT' 41 8192
2022-03-08 14:57:06,409 PIL.PngImagePlugin DEBUG STREAM b'IHDR' 16 13
2022-03-08 14:57:06,409 PIL.PngImagePlugin DEBUG STREAM b'IDAT' 41 8192
2022-03-08 14:57:06,530 PIL.PngImagePlugin DEBUG STREAM b'IHDR' 16 13
2022-03-08 14:57:06,530 PIL.PngImagePlugin DEBUG STREAM b'IDAT' 41 8192
2022-03-08 14:57:06,549 PIL.PngImagePlugin DEBUG STREAM b'IHDR' 16 13
2022-03-08 14:57:06,549 PIL.PngImagePlugin DEBUG STREAM b'IDAT' 41 8192
2022-03-08 14:57:06,595 PIL.PngImagePlugin DEBUG STREAM b'IHDR' 16 13
2022-03-08 14:57:06,595 PIL.PngImagePlugin DEBUG STREAM b'IDAT' 41 8192
2022-03-08 14:57:06,604 PIL.PngImagePlugin DEBUG STREAM b'IHDR' 16 13
2022-03-08 14:57:06,604 PIL.PngImagePlugin DEBUG STREAM b'IDAT' 41 8192
2022-03-08 14:57:06,715 PIL.PngImagePlugin DEBUG STREAM b'IHDR' 16 13
2022-03-08 14:57:06,715 PIL.PngImagePlugin DEBUG STREAM b'IDAT' 41 8192
2022-03-08 14:57:06,774 PIL.PngImagePlugin DEBUG STREAM b'IHDR' 16 13
2022-03-08 14:57:06,774 PIL.PngImagePlugin DEBUG STREAM b'IDAT' 41 8192
2022-03-08 14:57:06,780 PIL.PngImagePlugin DEBUG STREAM b'IHDR' 16 13
2022-03-08 14:57:06,780 PIL.PngImagePlugin DEBUG STREAM b'IDAT' 41 8192
2022-03-08 14:57:06,821 PIL.PngImagePlugin DEBUG STREAM b'IHDR' 16 13
2022-03-08 14:57:06,821 PIL.PngImagePlugin DEBUG STREAM b'IDAT' 41 8192
2022-03-08 14:57:06,843 PIL.PngImagePlugin DEBUG STREAM b'IHDR' 16 13
2022-03-08 14:57:06,843 PIL.PngImagePlugin DEBUG STREAM b'IDAT' 41 8192
2022-03-08 14:57:06,946 PIL.PngImagePlugin DEBUG STREAM b'IHDR' 16 13
2022-03-08 14:57:06,946 PIL.PngImagePlugin DEBUG STREAM b'IDAT' 41 8192
2022-03-08 14:57:06,978 PIL.PngImagePlugin DEBUG STREAM b'IHDR' 16 13
2022-03-08 14:57:06,978 PIL.PngImagePlugin DEBUG STREAM b'IDAT' 41 8192
2022-03-08 14:57:06,993 PIL.PngImagePlugin DEBUG STREAM b'IHDR' 16 13
2022-03-08 14:57:06,993 PIL.PngImagePlugin DEBUG STREAM b'IDAT' 41 8192
2022-03-08 14:57:06,998 PIL.PngImagePlugin DEBUG STREAM b'IHDR' 16 13
2022-03-08 14:57:06,998 PIL.PngImagePlugin DEBUG STREAM b'IDAT' 41 8192
2022-03-08 14:57:07,83 PIL.PngImagePlugin DEBUG STREAM b'IHDR' 16 13
2022-03-08 14:57:07,83 PIL.PngImagePlugin DEBUG STREAM b'IDAT' 41 8192
2022-03-08 14:57:07,157 PIL.PngImagePlugin DEBUG STREAM b'IHDR' 16 13
2022-03-08 14:57:07,157 PIL.PngImagePlugin DEBUG STREAM b'IDAT' 41 8192
2022-03-08 14:57:07,177 PIL.PngImagePlugin DEBUG STREAM b'IHDR' 16 13
2022-03-08 14:57:07,177 PIL.PngImagePlugin DEBUG STREAM b'IDAT' 41 8192
2022-03-08 14:57:07,183 PIL.PngImagePlugin DEBUG STREAM b'IHDR' 16 13
2022-03-08 14:57:07,183 PIL.PngImagePlugin DEBUG STREAM b'IDAT' 41 8192
2022-03-08 14:57:07,242 PIL.PngImagePlugin DEBUG STREAM b'IHDR' 16 13
2022-03-08 14:57:07,242 PIL.PngImagePlugin DEBUG STREAM b'IDAT' 41 8192
2022-03-08 14:57:07,309 PIL.PngImagePlugin DEBUG STREAM b'IHDR' 16 13
2022-03-08 14:57:07,309 PIL.PngImagePlugin DEBUG STREAM b'IDAT' 41 8192
2022-03-08 14:57:07,353 PIL.PngImagePlugin DEBUG STREAM b'IHDR' 16 13
2022-03-08 14:57:07,353 PIL.PngImagePlugin DEBUG STREAM b'IDAT' 41 8192
2022-03-08 14:57:07,370 PIL.PngImagePlugin DEBUG STREAM b'IHDR' 16 13
2022-03-08 14:57:07,370 PIL.PngImagePlugin DEBUG STREAM b'IDAT' 41 8192
2022-03-08 14:57:07,385 PIL.PngImagePlugin DEBUG STREAM b'IHDR' 16 13
2022-03-08 14:57:07,385 PIL.PngImagePlugin DEBUG STREAM b'IDAT' 41 8192
2022-03-08 14:57:07,422 PIL.PngImagePlugin DEBUG STREAM b'IHDR' 16 13
2022-03-08 14:57:07,422 PIL.PngImagePlugin DEBUG STREAM b'IDAT' 41 8192
2022-03-08 14:57:07,495 PIL.PngImagePlugin DEBUG STREAM b'IHDR' 16 13
2022-03-08 14:57:07,495 PIL.PngImagePlugin DEBUG STREAM b'IDAT' 41 8192
2022-03-08 14:57:07,519 PIL.PngImagePlugin DEBUG STREAM b'IHDR' 16 13
2022-03-08 14:57:07,519 PIL.PngImagePlugin DEBUG STREAM b'IDAT' 41 8192
2022-03-08 14:57:07,530 PIL.PngImagePlugin DEBUG STREAM b'IHDR' 16 13
2022-03-08 14:57:07,530 PIL.PngImagePlugin DEBUG STREAM b'IDAT' 41 8192
2022-03-08 14:57:07,555 PIL.PngImagePlugin DEBUG STREAM b'IHDR' 16 13
2022-03-08 14:57:07,555 PIL.PngImagePlugin DEBUG STREAM b'IDAT' 41 8192
2022-03-08 14:57:07,616 PIL.PngImagePlugin DEBUG STREAM b'IHDR' 16 13
2022-03-08 14:57:07,616 PIL.PngImagePlugin DEBUG STREAM b'IDAT' 41 8192
2022-03-08 14:57:07,649 PIL.PngImagePlugin DEBUG STREAM b'IHDR' 16 13
2022-03-08 14:57:07,650 PIL.PngImagePlugin DEBUG STREAM b'IDAT' 41 8192
2022-03-08 14:57:07,676 PIL.PngImagePlugin DEBUG STREAM b'IHDR' 16 13
2022-03-08 14:57:07,676 PIL.PngImagePlugin DEBUG STREAM b'IDAT' 41 8192
2022-03-08 14:57:07,703 PIL.PngImagePlugin DEBUG STREAM b'IHDR' 16 13
2022-03-08 14:57:07,703 PIL.PngImagePlugin DEBUG STREAM b'IDAT' 41 8192
2022-03-08 14:57:07,739 PIL.PngImagePlugin DEBUG STREAM b'IHDR' 16 13
2022-03-08 14:57:07,739 PIL.PngImagePlugin DEBUG STREAM b'IDAT' 41 8192
2022-03-08 14:57:07,781 PIL.PngImagePlugin DEBUG STREAM b'IHDR' 16 13
2022-03-08 14:57:07,781 PIL.PngImagePlugin DEBUG STREAM b'IDAT' 41 8192
2022-03-08 14:57:07,820 PIL.PngImagePlugin DEBUG STREAM b'IHDR' 16 13
2022-03-08 14:57:07,820 PIL.PngImagePlugin DEBUG STREAM b'IDAT' 41 8192
2022-03-08 14:57:07,838 PIL.PngImagePlugin DEBUG STREAM b'IHDR' 16 13
2022-03-08 14:57:07,838 PIL.PngImagePlugin DEBUG STREAM b'IDAT' 41 8192
2022-03-08 14:57:07,855 PIL.PngImagePlugin DEBUG STREAM b'IHDR' 16 13
2022-03-08 14:57:07,855 PIL.PngImagePlugin DEBUG STREAM b'IDAT' 41 8192
2022-03-08 14:57:07,905 PIL.PngImagePlugin DEBUG STREAM b'IHDR' 16 13
2022-03-08 14:57:07,905 PIL.PngImagePlugin DEBUG STREAM b'IDAT' 41 8192
2022-03-08 14:57:07,962 PIL.PngImagePlugin DEBUG STREAM b'IHDR' 16 13
2022-03-08 14:57:07,962 PIL.PngImagePlugin DEBUG STREAM b'IDAT' 41 8192
2022-03-08 14:57:07,974 PIL.PngImagePlugin DEBUG STREAM b'IHDR' 16 13
2022-03-08 14:57:07,974 PIL.PngImagePlugin DEBUG STREAM b'IDAT' 41 8192
2022-03-08 14:57:08,0 PIL.PngImagePlugin DEBUG STREAM b'IHDR' 16 13
2022-03-08 14:57:08,0 PIL.PngImagePlugin DEBUG STREAM b'IDAT' 41 8192
2022-03-08 14:57:08,16 PIL.PngImagePlugin DEBUG STREAM b'IHDR' 16 13
2022-03-08 14:57:08,16 PIL.PngImagePlugin DEBUG STREAM b'IDAT' 41 8192
2022-03-08 14:57:08,125 PIL.PngImagePlugin DEBUG STREAM b'IHDR' 16 13
2022-03-08 14:57:08,125 PIL.PngImagePlugin DEBUG STREAM b'IDAT' 41 8192
2022-03-08 14:57:08,140 PIL.PngImagePlugin DEBUG STREAM b'IHDR' 16 13
2022-03-08 14:57:08,140 PIL.PngImagePlugin DEBUG STREAM b'IDAT' 41 8192
2022-03-08 14:57:08,147 PIL.PngImagePlugin DEBUG STREAM b'IHDR' 16 13
2022-03-08 14:57:08,147 PIL.PngImagePlugin DEBUG STREAM b'IDAT' 41 8192
2022-03-08 14:57:08,180 PIL.PngImagePlugin DEBUG STREAM b'IHDR' 16 13
2022-03-08 14:57:08,181 PIL.PngImagePlugin DEBUG STREAM b'IDAT' 41 8192
2022-03-08 14:57:08,314 PIL.PngImagePlugin DEBUG STREAM b'IHDR' 16 13
2022-03-08 14:57:08,314 PIL.PngImagePlugin DEBUG STREAM b'IDAT' 41 8192
2022-03-08 14:57:08,326 PIL.PngImagePlugin DEBUG STREAM b'IHDR' 16 13
2022-03-08 14:57:08,326 PIL.PngImagePlugin DEBUG STREAM b'IDAT' 41 8192
2022-03-08 14:57:08,362 PIL.PngImagePlugin DEBUG STREAM b'IHDR' 16 13
2022-03-08 14:57:08,362 PIL.PngImagePlugin DEBUG STREAM b'IDAT' 41 8192
2022-03-08 14:57:08,434 PIL.PngImagePlugin DEBUG STREAM b'IHDR' 16 13
2022-03-08 14:57:08,434 PIL.PngImagePlugin DEBUG STREAM b'IDAT' 41 8192
2022-03-08 14:57:08,487 PIL.PngImagePlugin DEBUG STREAM b'IHDR' 16 13
2022-03-08 14:57:08,487 PIL.PngImagePlugin DEBUG STREAM b'IDAT' 41 8192
2022-03-08 14:57:08,532 PIL.PngImagePlugin DEBUG STREAM b'IHDR' 16 13
2022-03-08 14:57:08,532 PIL.PngImagePlugin DEBUG STREAM b'IDAT' 41 8192
2022-03-08 14:57:08,598 PIL.PngImagePlugin DEBUG STREAM b'IHDR' 16 13
2022-03-08 14:57:08,598 PIL.PngImagePlugin DEBUG STREAM b'IDAT' 41 8192
2022-03-08 14:57:08,623 PIL.PngImagePlugin DEBUG STREAM b'IHDR' 16 13
2022-03-08 14:57:08,623 PIL.PngImagePlugin DEBUG STREAM b'IDAT' 41 8192
2022-03-08 14:57:08,679 PIL.PngImagePlugin DEBUG STREAM b'IHDR' 16 13
2022-03-08 14:57:08,679 PIL.PngImagePlugin DEBUG STREAM b'IDAT' 41 8192
2022-03-08 14:57:08,782 PIL.PngImagePlugin DEBUG STREAM b'IHDR' 16 13
2022-03-08 14:57:08,783 PIL.PngImagePlugin DEBUG STREAM b'IDAT' 41 8192
2022-03-08 14:57:08,811 PIL.PngImagePlugin DEBUG STREAM b'IHDR' 16 13
2022-03-08 14:57:08,812 PIL.PngImagePlugin DEBUG STREAM b'IDAT' 41 8192
2022-03-08 14:57:08,830 PIL.PngImagePlugin DEBUG STREAM b'IHDR' 16 13
2022-03-08 14:57:08,830 PIL.PngImagePlugin DEBUG STREAM b'IDAT' 41 8192
2022-03-08 14:57:08,876 PIL.PngImagePlugin DEBUG STREAM b'IHDR' 16 13
2022-03-08 14:57:08,876 PIL.PngImagePlugin DEBUG STREAM b'IDAT' 41 8192
2022-03-08 14:57:08,919 PIL.PngImagePlugin DEBUG STREAM b'IHDR' 16 13
2022-03-08 14:57:08,919 PIL.PngImagePlugin DEBUG STREAM b'IDAT' 41 8192
2022-03-08 14:57:08,976 PIL.PngImagePlugin DEBUG STREAM b'IHDR' 16 13
2022-03-08 14:57:08,977 PIL.PngImagePlugin DEBUG STREAM b'IDAT' 41 8192
2022-03-08 14:57:09,18 PIL.PngImagePlugin DEBUG STREAM b'IHDR' 16 13
2022-03-08 14:57:09,18 PIL.PngImagePlugin DEBUG STREAM b'IDAT' 41 8192
2022-03-08 14:57:09,45 PIL.PngImagePlugin DEBUG STREAM b'IHDR' 16 13
2022-03-08 14:57:09,46 PIL.PngImagePlugin DEBUG STREAM b'IDAT' 41 8192
2022-03-08 14:57:09,62 PIL.PngImagePlugin DEBUG STREAM b'IHDR' 16 13
2022-03-08 14:57:09,62 PIL.PngImagePlugin DEBUG STREAM b'IDAT' 41 8192
2022-03-08 14:57:09,165 PIL.PngImagePlugin DEBUG STREAM b'IHDR' 16 13
2022-03-08 14:57:09,165 PIL.PngImagePlugin DEBUG STREAM b'IDAT' 41 8192
2022-03-08 14:57:09,187 PIL.PngImagePlugin DEBUG STREAM b'IHDR' 16 13
2022-03-08 14:57:09,187 PIL.PngImagePlugin DEBUG STREAM b'IDAT' 41 8192
2022-03-08 14:57:09,228 PIL.PngImagePlugin DEBUG STREAM b'IHDR' 16 13
2022-03-08 14:57:09,229 PIL.PngImagePlugin DEBUG STREAM b'IDAT' 41 8192
2022-03-08 14:57:09,238 PIL.PngImagePlugin DEBUG STREAM b'IHDR' 16 13
2022-03-08 14:57:09,238 PIL.PngImagePlugin DEBUG STREAM b'IDAT' 41 8192
2022-03-08 14:57:09,254 __main__ INFO ['loss: ', '389.7005615234375']
2022-03-08 14:57:09,326 PIL.PngImagePlugin DEBUG STREAM b'IHDR' 16 13
2022-03-08 14:57:09,326 PIL.PngImagePlugin DEBUG STREAM b'IDAT' 41 8192
2022-03-08 14:57:09,419 PIL.PngImagePlugin DEBUG STREAM b'IHDR' 16 13
2022-03-08 14:57:09,420 PIL.PngImagePlugin DEBUG STREAM b'IDAT' 41 8192
2022-03-08 14:57:09,439 PIL.PngImagePlugin DEBUG STREAM b'IHDR' 16 13
2022-03-08 14:57:09,439 PIL.PngImagePlugin DEBUG STREAM b'IDAT' 41 8192
2022-03-08 14:57:09,464 PIL.PngImagePlugin DEBUG STREAM b'IHDR' 16 13
2022-03-08 14:57:09,464 PIL.PngImagePlugin DEBUG STREAM b'IDAT' 41 8192
2022-03-08 14:57:09,494 PIL.PngImagePlugin DEBUG STREAM b'IHDR' 16 13
2022-03-08 14:57:09,495 PIL.PngImagePlugin DEBUG STREAM b'IDAT' 41 8192
2022-03-08 14:57:09,603 PIL.PngImagePlugin DEBUG STREAM b'IHDR' 16 13
2022-03-08 14:57:09,603 PIL.PngImagePlugin DEBUG STREAM b'IDAT' 41 8192
2022-03-08 14:57:09,621 PIL.PngImagePlugin DEBUG STREAM b'IHDR' 16 13
2022-03-08 14:57:09,621 PIL.PngImagePlugin DEBUG STREAM b'IDAT' 41 8192
2022-03-08 14:57:09,651 PIL.PngImagePlugin DEBUG STREAM b'IHDR' 16 13
2022-03-08 14:57:09,651 PIL.PngImagePlugin DEBUG STREAM b'IDAT' 41 8192
2022-03-08 14:57:09,674 PIL.PngImagePlugin DEBUG STREAM b'IHDR' 16 13
2022-03-08 14:57:09,674 PIL.PngImagePlugin DEBUG STREAM b'IDAT' 41 8192
2022-03-08 14:57:09,769 PIL.PngImagePlugin DEBUG STREAM b'IHDR' 16 13
2022-03-08 14:57:09,769 PIL.PngImagePlugin DEBUG STREAM b'IDAT' 41 8192
2022-03-08 14:57:09,782 PIL.PngImagePlugin DEBUG STREAM b'IHDR' 16 13
2022-03-08 14:57:09,782 PIL.PngImagePlugin DEBUG STREAM b'IDAT' 41 8192
2022-03-08 14:57:09,810 PIL.PngImagePlugin DEBUG STREAM b'IHDR' 16 13
2022-03-08 14:57:09,810 PIL.PngImagePlugin DEBUG STREAM b'IDAT' 41 8192
2022-03-08 14:57:09,822 PIL.PngImagePlugin DEBUG STREAM b'IHDR' 16 13
2022-03-08 14:57:09,823 PIL.PngImagePlugin DEBUG STREAM b'IDAT' 41 8192
2022-03-08 14:57:09,957 PIL.PngImagePlugin DEBUG STREAM b'IHDR' 16 13
2022-03-08 14:57:09,957 PIL.PngImagePlugin DEBUG STREAM b'IDAT' 41 8192
2022-03-08 14:57:09,968 PIL.PngImagePlugin DEBUG STREAM b'IHDR' 16 13
2022-03-08 14:57:09,969 PIL.PngImagePlugin DEBUG STREAM b'IDAT' 41 8192
2022-03-08 14:57:09,990 PIL.PngImagePlugin DEBUG STREAM b'IHDR' 16 13
2022-03-08 14:57:09,990 PIL.PngImagePlugin DEBUG STREAM b'IDAT' 41 8192
2022-03-08 14:57:09,999 PIL.PngImagePlugin DEBUG STREAM b'IHDR' 16 13
2022-03-08 14:57:10,0 PIL.PngImagePlugin DEBUG STREAM b'IDAT' 41 8192
2022-03-08 14:57:10,130 PIL.PngImagePlugin DEBUG STREAM b'IHDR' 16 13
2022-03-08 14:57:10,130 PIL.PngImagePlugin DEBUG STREAM b'IDAT' 41 8192
2022-03-08 14:57:10,142 PIL.PngImagePlugin DEBUG STREAM b'IHDR' 16 13
2022-03-08 14:57:10,142 PIL.PngImagePlugin DEBUG STREAM b'IDAT' 41 8192
2022-03-08 14:57:10,167 PIL.PngImagePlugin DEBUG STREAM b'IHDR' 16 13
2022-03-08 14:57:10,167 PIL.PngImagePlugin DEBUG STREAM b'IDAT' 41 8192
2022-03-08 14:57:10,178 PIL.PngImagePlugin DEBUG STREAM b'IHDR' 16 13
2022-03-08 14:57:10,178 PIL.PngImagePlugin DEBUG STREAM b'IDAT' 41 8192
2022-03-08 14:57:10,280 PIL.PngImagePlugin DEBUG STREAM b'IHDR' 16 13
2022-03-08 14:57:10,280 PIL.PngImagePlugin DEBUG STREAM b'IDAT' 41 8192
2022-03-08 14:57:10,288 PIL.PngImagePlugin DEBUG STREAM b'IHDR' 16 13
2022-03-08 14:57:10,288 PIL.PngImagePlugin DEBUG STREAM b'IDAT' 41 8192
2022-03-08 14:57:10,305 PIL.PngImagePlugin DEBUG STREAM b'IHDR' 16 13
2022-03-08 14:57:10,306 PIL.PngImagePlugin DEBUG STREAM b'IDAT' 41 8192
2022-03-08 14:57:10,324 PIL.PngImagePlugin DEBUG STREAM b'IHDR' 16 13
2022-03-08 14:57:10,324 PIL.PngImagePlugin DEBUG STREAM b'IDAT' 41 8192
2022-03-08 14:57:10,416 PIL.PngImagePlugin DEBUG STREAM b'IHDR' 16 13
2022-03-08 14:57:10,416 PIL.PngImagePlugin DEBUG STREAM b'IDAT' 41 8192
2022-03-08 14:57:10,428 PIL.PngImagePlugin DEBUG STREAM b'IHDR' 16 13
2022-03-08 14:57:10,428 PIL.PngImagePlugin DEBUG STREAM b'IDAT' 41 8192
2022-03-08 14:57:10,440 PIL.PngImagePlugin DEBUG STREAM b'IHDR' 16 13
2022-03-08 14:57:10,440 PIL.PngImagePlugin DEBUG STREAM b'IDAT' 41 8192
2022-03-08 14:57:10,455 PIL.PngImagePlugin DEBUG STREAM b'IHDR' 16 13
2022-03-08 14:57:10,455 PIL.PngImagePlugin DEBUG STREAM b'IDAT' 41 8192
2022-03-08 14:57:10,568 PIL.PngImagePlugin DEBUG STREAM b'IHDR' 16 13
2022-03-08 14:57:10,568 PIL.PngImagePlugin DEBUG STREAM b'IDAT' 41 8192
2022-03-08 14:57:10,579 PIL.PngImagePlugin DEBUG STREAM b'IHDR' 16 13
2022-03-08 14:57:10,579 PIL.PngImagePlugin DEBUG STREAM b'IDAT' 41 8192
2022-03-08 14:57:10,582 PIL.PngImagePlugin DEBUG STREAM b'IHDR' 16 13
2022-03-08 14:57:10,583 PIL.PngImagePlugin DEBUG STREAM b'IDAT' 41 8192
2022-03-08 14:57:10,626 PIL.PngImagePlugin DEBUG STREAM b'IHDR' 16 13
2022-03-08 14:57:10,626 PIL.PngImagePlugin DEBUG STREAM b'IDAT' 41 8192
2022-03-08 14:57:10,740 PIL.PngImagePlugin DEBUG STREAM b'IHDR' 16 13
2022-03-08 14:57:10,740 PIL.PngImagePlugin DEBUG STREAM b'IDAT' 41 8192
2022-03-08 14:57:10,780 PIL.PngImagePlugin DEBUG STREAM b'IHDR' 16 13
2022-03-08 14:57:10,780 PIL.PngImagePlugin DEBUG STREAM b'IDAT' 41 8192
2022-03-08 14:57:10,797 PIL.PngImagePlugin DEBUG STREAM b'IHDR' 16 13
2022-03-08 14:57:10,797 PIL.PngImagePlugin DEBUG STREAM b'IDAT' 41 8192
2022-03-08 14:57:10,801 PIL.PngImagePlugin DEBUG STREAM b'IHDR' 16 13
2022-03-08 14:57:10,801 PIL.PngImagePlugin DEBUG STREAM b'IDAT' 41 8192
2022-03-08 14:57:10,849 PIL.PngImagePlugin DEBUG STREAM b'IHDR' 16 13
2022-03-08 14:57:10,849 PIL.PngImagePlugin DEBUG STREAM b'IDAT' 41 8192
2022-03-08 14:57:10,933 PIL.PngImagePlugin DEBUG STREAM b'IHDR' 16 13
2022-03-08 14:57:10,933 PIL.PngImagePlugin DEBUG STREAM b'IDAT' 41 8192
2022-03-08 14:57:10,951 PIL.PngImagePlugin DEBUG STREAM b'IHDR' 16 13
2022-03-08 14:57:10,951 PIL.PngImagePlugin DEBUG STREAM b'IDAT' 41 8192
2022-03-08 14:57:10,958 PIL.PngImagePlugin DEBUG STREAM b'IHDR' 16 13
2022-03-08 14:57:10,958 PIL.PngImagePlugin DEBUG STREAM b'IDAT' 41 8192
2022-03-08 14:57:11,67 PIL.PngImagePlugin DEBUG STREAM b'IHDR' 16 13
2022-03-08 14:57:11,67 PIL.PngImagePlugin DEBUG STREAM b'IDAT' 41 8192
2022-03-08 14:57:11,105 PIL.PngImagePlugin DEBUG STREAM b'IHDR' 16 13
2022-03-08 14:57:11,105 PIL.PngImagePlugin DEBUG STREAM b'IDAT' 41 8192
2022-03-08 14:57:11,123 PIL.PngImagePlugin DEBUG STREAM b'IHDR' 16 13
2022-03-08 14:57:11,123 PIL.PngImagePlugin DEBUG STREAM b'IDAT' 41 8192
2022-03-08 14:57:11,173 PIL.PngImagePlugin DEBUG STREAM b'IHDR' 16 13
2022-03-08 14:57:11,173 PIL.PngImagePlugin DEBUG STREAM b'IDAT' 41 8192
2022-03-08 14:57:11,261 PIL.PngImagePlugin DEBUG STREAM b'IHDR' 16 13
2022-03-08 14:57:11,261 PIL.PngImagePlugin DEBUG STREAM b'IDAT' 41 8192
2022-03-08 14:57:11,278 PIL.PngImagePlugin DEBUG STREAM b'IHDR' 16 13
2022-03-08 14:57:11,278 PIL.PngImagePlugin DEBUG STREAM b'IDAT' 41 8192
2022-03-08 14:57:11,292 PIL.PngImagePlugin DEBUG STREAM b'IHDR' 16 13
2022-03-08 14:57:11,292 PIL.PngImagePlugin DEBUG STREAM b'IDAT' 41 8192
2022-03-08 14:57:11,335 PIL.PngImagePlugin DEBUG STREAM b'IHDR' 16 13
2022-03-08 14:57:11,335 PIL.PngImagePlugin DEBUG STREAM b'IDAT' 41 8192
2022-03-08 14:57:11,404 PIL.PngImagePlugin DEBUG STREAM b'IHDR' 16 13
2022-03-08 14:57:11,404 PIL.PngImagePlugin DEBUG STREAM b'IDAT' 41 8192
2022-03-08 14:57:11,550 PIL.PngImagePlugin DEBUG STREAM b'IHDR' 16 13
2022-03-08 14:57:11,551 PIL.PngImagePlugin DEBUG STREAM b'IDAT' 41 8192
2022-03-08 14:57:11,589 PIL.PngImagePlugin DEBUG STREAM b'IHDR' 16 13
2022-03-08 14:57:11,589 PIL.PngImagePlugin DEBUG STREAM b'IDAT' 41 8192
2022-03-08 14:57:11,597 PIL.PngImagePlugin DEBUG STREAM b'IHDR' 16 13
2022-03-08 14:57:11,598 PIL.PngImagePlugin DEBUG STREAM b'IDAT' 41 8192
2022-03-08 14:57:11,633 PIL.PngImagePlugin DEBUG STREAM b'IHDR' 16 13
2022-03-08 14:57:11,633 PIL.PngImagePlugin DEBUG STREAM b'IDAT' 41 8192
2022-03-08 14:57:11,691 PIL.PngImagePlugin DEBUG STREAM b'IHDR' 16 13
2022-03-08 14:57:11,691 PIL.PngImagePlugin DEBUG STREAM b'IDAT' 41 8192
2022-03-08 14:57:11,784 PIL.PngImagePlugin DEBUG STREAM b'IHDR' 16 13
2022-03-08 14:57:11,784 PIL.PngImagePlugin DEBUG STREAM b'IDAT' 41 8192
2022-03-08 14:57:11,857 PIL.PngImagePlugin DEBUG STREAM b'IHDR' 16 13
2022-03-08 14:57:11,858 PIL.PngImagePlugin DEBUG STREAM b'IDAT' 41 8192
2022-03-08 14:57:11,866 PIL.PngImagePlugin DEBUG STREAM b'IHDR' 16 13
2022-03-08 14:57:11,866 PIL.PngImagePlugin DEBUG STREAM b'IDAT' 41 8192
2022-03-08 14:57:11,900 PIL.PngImagePlugin DEBUG STREAM b'IHDR' 16 13
2022-03-08 14:57:11,900 PIL.PngImagePlugin DEBUG STREAM b'IDAT' 41 8192
2022-03-08 14:57:11,921 PIL.PngImagePlugin DEBUG STREAM b'IHDR' 16 13
2022-03-08 14:57:11,921 PIL.PngImagePlugin DEBUG STREAM b'IDAT' 41 8192
2022-03-08 14:57:12,49 PIL.PngImagePlugin DEBUG STREAM b'IHDR' 16 13
2022-03-08 14:57:12,49 PIL.PngImagePlugin DEBUG STREAM b'IDAT' 41 8192
2022-03-08 14:57:12,60 PIL.PngImagePlugin DEBUG STREAM b'IHDR' 16 13
2022-03-08 14:57:12,60 PIL.PngImagePlugin DEBUG STREAM b'IDAT' 41 8192
2022-03-08 14:57:12,123 PIL.PngImagePlugin DEBUG STREAM b'IHDR' 16 13
2022-03-08 14:57:12,123 PIL.PngImagePlugin DEBUG STREAM b'IDAT' 41 8192
2022-03-08 14:57:12,138 PIL.PngImagePlugin DEBUG STREAM b'IHDR' 16 13
2022-03-08 14:57:12,138 PIL.PngImagePlugin DEBUG STREAM b'IDAT' 41 8192
2022-03-08 14:57:12,210 __main__ INFO ['loss: ', '373.0165100097656']
2022-03-08 14:57:12,274 PIL.PngImagePlugin DEBUG STREAM b'IHDR' 16 13
2022-03-08 14:57:12,275 PIL.PngImagePlugin DEBUG STREAM b'IDAT' 41 8192
2022-03-08 14:57:12,306 PIL.PngImagePlugin DEBUG STREAM b'IHDR' 16 13
2022-03-08 14:57:12,306 PIL.PngImagePlugin DEBUG STREAM b'IDAT' 41 8192
2022-03-08 14:57:12,337 PIL.PngImagePlugin DEBUG STREAM b'IHDR' 16 13
2022-03-08 14:57:12,337 PIL.PngImagePlugin DEBUG STREAM b'IDAT' 41 8192
2022-03-08 14:57:12,362 PIL.PngImagePlugin DEBUG STREAM b'IHDR' 16 13
2022-03-08 14:57:12,362 PIL.PngImagePlugin DEBUG STREAM b'IDAT' 41 8192
2022-03-08 14:57:12,431 PIL.PngImagePlugin DEBUG STREAM b'IHDR' 16 13
2022-03-08 14:57:12,431 PIL.PngImagePlugin DEBUG STREAM b'IDAT' 41 8192
2022-03-08 14:57:12,441 PIL.PngImagePlugin DEBUG STREAM b'IHDR' 16 13
2022-03-08 14:57:12,441 PIL.PngImagePlugin DEBUG STREAM b'IDAT' 41 8192
2022-03-08 14:57:12,481 PIL.PngImagePlugin DEBUG STREAM b'IHDR' 16 13
2022-03-08 14:57:12,481 PIL.PngImagePlugin DEBUG STREAM b'IDAT' 41 8192
2022-03-08 14:57:12,484 PIL.PngImagePlugin DEBUG STREAM b'IHDR' 16 13
2022-03-08 14:57:12,485 PIL.PngImagePlugin DEBUG STREAM b'IDAT' 41 8192
2022-03-08 14:57:12,574 PIL.PngImagePlugin DEBUG STREAM b'IHDR' 16 13
2022-03-08 14:57:12,575 PIL.PngImagePlugin DEBUG STREAM b'IDAT' 41 8192
2022-03-08 14:57:12,583 PIL.PngImagePlugin DEBUG STREAM b'IHDR' 16 13
2022-03-08 14:57:12,583 PIL.PngImagePlugin DEBUG STREAM b'IDAT' 41 8192
2022-03-08 14:57:12,631 PIL.PngImagePlugin DEBUG STREAM b'IHDR' 16 13
2022-03-08 14:57:12,631 PIL.PngImagePlugin DEBUG STREAM b'IDAT' 41 8192
2022-03-08 14:57:12,640 PIL.PngImagePlugin DEBUG STREAM b'IHDR' 16 13
2022-03-08 14:57:12,640 PIL.PngImagePlugin DEBUG STREAM b'IDAT' 41 8192
2022-03-08 14:57:12,722 PIL.PngImagePlugin DEBUG STREAM b'IHDR' 16 13
2022-03-08 14:57:12,722 PIL.PngImagePlugin DEBUG STREAM b'IDAT' 41 8192
2022-03-08 14:57:12,746 PIL.PngImagePlugin DEBUG STREAM b'IHDR' 16 13
2022-03-08 14:57:12,746 PIL.PngImagePlugin DEBUG STREAM b'IDAT' 41 8192
2022-03-08 14:57:12,806 PIL.PngImagePlugin DEBUG STREAM b'IHDR' 16 13
2022-03-08 14:57:12,806 PIL.PngImagePlugin DEBUG STREAM b'IDAT' 41 8192
2022-03-08 14:57:12,819 PIL.PngImagePlugin DEBUG STREAM b'IHDR' 16 13
2022-03-08 14:57:12,819 PIL.PngImagePlugin DEBUG STREAM b'IDAT' 41 8192
2022-03-08 14:57:12,850 PIL.PngImagePlugin DEBUG STREAM b'IHDR' 16 13
2022-03-08 14:57:12,850 PIL.PngImagePlugin DEBUG STREAM b'IDAT' 41 8192
2022-03-08 14:57:12,858 PIL.PngImagePlugin DEBUG STREAM b'IHDR' 16 13
2022-03-08 14:57:12,858 PIL.PngImagePlugin DEBUG STREAM b'IDAT' 41 8192
2022-03-08 14:57:12,948 PIL.PngImagePlugin DEBUG STREAM b'IHDR' 16 13
2022-03-08 14:57:12,948 PIL.PngImagePlugin DEBUG STREAM b'IDAT' 41 8192
2022-03-08 14:57:12,961 PIL.PngImagePlugin DEBUG STREAM b'IHDR' 16 13
2022-03-08 14:57:12,962 PIL.PngImagePlugin DEBUG STREAM b'IDAT' 41 8192
2022-03-08 14:57:12,991 PIL.PngImagePlugin DEBUG STREAM b'IHDR' 16 13
2022-03-08 14:57:12,991 PIL.PngImagePlugin DEBUG STREAM b'IDAT' 41 8192
2022-03-08 14:57:13,2 PIL.PngImagePlugin DEBUG STREAM b'IHDR' 16 13
2022-03-08 14:57:13,2 PIL.PngImagePlugin DEBUG STREAM b'IDAT' 41 8192
2022-03-08 14:57:13,73 PIL.PngImagePlugin DEBUG STREAM b'IHDR' 16 13
2022-03-08 14:57:13,73 PIL.PngImagePlugin DEBUG STREAM b'IDAT' 41 8192
2022-03-08 14:57:13,106 PIL.PngImagePlugin DEBUG STREAM b'IHDR' 16 13
2022-03-08 14:57:13,106 PIL.PngImagePlugin DEBUG STREAM b'IDAT' 41 8192
2022-03-08 14:57:13,145 PIL.PngImagePlugin DEBUG STREAM b'IHDR' 16 13
2022-03-08 14:57:13,145 PIL.PngImagePlugin DEBUG STREAM b'IDAT' 41 8192
2022-03-08 14:57:13,158 PIL.PngImagePlugin DEBUG STREAM b'IHDR' 16 13
2022-03-08 14:57:13,158 PIL.PngImagePlugin DEBUG STREAM b'IDAT' 41 8192
2022-03-08 14:57:13,207 PIL.PngImagePlugin DEBUG STREAM b'IHDR' 16 13
2022-03-08 14:57:13,208 PIL.PngImagePlugin DEBUG STREAM b'IDAT' 41 8192
2022-03-08 14:57:13,230 PIL.PngImagePlugin DEBUG STREAM b'IHDR' 16 13
2022-03-08 14:57:13,230 PIL.PngImagePlugin DEBUG STREAM b'IDAT' 41 8192
2022-03-08 14:57:13,289 PIL.PngImagePlugin DEBUG STREAM b'IHDR' 16 13
2022-03-08 14:57:13,289 PIL.PngImagePlugin DEBUG STREAM b'IDAT' 41 8192
2022-03-08 14:57:13,296 PIL.PngImagePlugin DEBUG STREAM b'IHDR' 16 13
2022-03-08 14:57:13,296 PIL.PngImagePlugin DEBUG STREAM b'IDAT' 41 8192
2022-03-08 14:57:13,336 PIL.PngImagePlugin DEBUG STREAM b'IHDR' 16 13
2022-03-08 14:57:13,336 PIL.PngImagePlugin DEBUG STREAM b'IDAT' 41 8192
2022-03-08 14:57:13,356 PIL.PngImagePlugin DEBUG STREAM b'IHDR' 16 13
2022-03-08 14:57:13,356 PIL.PngImagePlugin DEBUG STREAM b'IDAT' 41 8192
2022-03-08 14:57:13,422 PIL.PngImagePlugin DEBUG STREAM b'IHDR' 16 13
2022-03-08 14:57:13,422 PIL.PngImagePlugin DEBUG STREAM b'IDAT' 41 8192
2022-03-08 14:57:13,451 PIL.PngImagePlugin DEBUG STREAM b'IHDR' 16 13
2022-03-08 14:57:13,451 PIL.PngImagePlugin DEBUG STREAM b'IDAT' 41 8192
2022-03-08 14:57:13,481 PIL.PngImagePlugin DEBUG STREAM b'IHDR' 16 13
2022-03-08 14:57:13,481 PIL.PngImagePlugin DEBUG STREAM b'IDAT' 41 8192
2022-03-08 14:57:13,487 PIL.PngImagePlugin DEBUG STREAM b'IHDR' 16 13
2022-03-08 14:57:13,487 PIL.PngImagePlugin DEBUG STREAM b'IDAT' 41 8192
2022-03-08 14:57:13,567 PIL.PngImagePlugin DEBUG STREAM b'IHDR' 16 13
2022-03-08 14:57:13,567 PIL.PngImagePlugin DEBUG STREAM b'IDAT' 41 8192
2022-03-08 14:57:13,610 PIL.PngImagePlugin DEBUG STREAM b'IHDR' 16 13
2022-03-08 14:57:13,610 PIL.PngImagePlugin DEBUG STREAM b'IDAT' 41 8192
2022-03-08 14:57:13,642 PIL.PngImagePlugin DEBUG STREAM b'IHDR' 16 13
2022-03-08 14:57:13,642 PIL.PngImagePlugin DEBUG STREAM b'IDAT' 41 8192
2022-03-08 14:57:13,700 PIL.PngImagePlugin DEBUG STREAM b'IHDR' 16 13
2022-03-08 14:57:13,700 PIL.PngImagePlugin DEBUG STREAM b'IDAT' 41 8192
2022-03-08 14:57:13,721 PIL.PngImagePlugin DEBUG STREAM b'IHDR' 16 13
2022-03-08 14:57:13,721 PIL.PngImagePlugin DEBUG STREAM b'IDAT' 41 8192
2022-03-08 14:57:13,749 PIL.PngImagePlugin DEBUG STREAM b'IHDR' 16 13
2022-03-08 14:57:13,749 PIL.PngImagePlugin DEBUG STREAM b'IDAT' 41 8192
2022-03-08 14:57:13,895 PIL.PngImagePlugin DEBUG STREAM b'IHDR' 16 13
2022-03-08 14:57:13,895 PIL.PngImagePlugin DEBUG STREAM b'IDAT' 41 8192
2022-03-08 14:57:13,918 PIL.PngImagePlugin DEBUG STREAM b'IHDR' 16 13
2022-03-08 14:57:13,918 PIL.PngImagePlugin DEBUG STREAM b'IDAT' 41 8192
2022-03-08 14:57:13,937 PIL.PngImagePlugin DEBUG STREAM b'IHDR' 16 13
2022-03-08 14:57:13,937 PIL.PngImagePlugin DEBUG STREAM b'IDAT' 41 8192
2022-03-08 14:57:13,978 PIL.PngImagePlugin DEBUG STREAM b'IHDR' 16 13
2022-03-08 14:57:13,978 PIL.PngImagePlugin DEBUG STREAM b'IDAT' 41 8192
2022-03-08 14:57:14,59 PIL.PngImagePlugin DEBUG STREAM b'IHDR' 16 13
2022-03-08 14:57:14,59 PIL.PngImagePlugin DEBUG STREAM b'IDAT' 41 8192
2022-03-08 14:57:14,137 PIL.PngImagePlugin DEBUG STREAM b'IHDR' 16 13
2022-03-08 14:57:14,137 PIL.PngImagePlugin DEBUG STREAM b'IDAT' 41 8192
2022-03-08 14:57:14,150 PIL.PngImagePlugin DEBUG STREAM b'IHDR' 16 13
2022-03-08 14:57:14,151 PIL.PngImagePlugin DEBUG STREAM b'IDAT' 41 8192
2022-03-08 14:57:14,168 PIL.PngImagePlugin DEBUG STREAM b'IHDR' 16 13
2022-03-08 14:57:14,168 PIL.PngImagePlugin DEBUG STREAM b'IDAT' 41 8192
2022-03-08 14:57:14,321 PIL.PngImagePlugin DEBUG STREAM b'IHDR' 16 13
2022-03-08 14:57:14,322 PIL.PngImagePlugin DEBUG STREAM b'IDAT' 41 8192
2022-03-08 14:57:14,355 PIL.PngImagePlugin DEBUG STREAM b'IHDR' 16 13
2022-03-08 14:57:14,355 PIL.PngImagePlugin DEBUG STREAM b'IDAT' 41 8192
2022-03-08 14:57:14,369 PIL.PngImagePlugin DEBUG STREAM b'IHDR' 16 13
2022-03-08 14:57:14,369 PIL.PngImagePlugin DEBUG STREAM b'IDAT' 41 8192
2022-03-08 14:57:14,445 PIL.PngImagePlugin DEBUG STREAM b'IHDR' 16 13
2022-03-08 14:57:14,445 PIL.PngImagePlugin DEBUG STREAM b'IDAT' 41 8192
2022-03-08 14:57:14,485 PIL.PngImagePlugin DEBUG STREAM b'IHDR' 16 13
2022-03-08 14:57:14,485 PIL.PngImagePlugin DEBUG STREAM b'IDAT' 41 8192
2022-03-08 14:57:14,584 PIL.PngImagePlugin DEBUG STREAM b'IHDR' 16 13
2022-03-08 14:57:14,584 PIL.PngImagePlugin DEBUG STREAM b'IDAT' 41 8192
